team#23-5/EduFree/app/build/intermediates/manifest_merge_blame_file/debug/manifest-merger-blame-debug-report.txt
1<?xml version="1.0" encoding="utf-8"?>
2<manifest xmlns:android="http://schemas.android.com/apk/res/android"
3    package="edu.free"
4    android:versionCode="1"
5    android:versionName="1.0" >
6
7    <uses-sdk
8        android:minSdkVersion="21"
8-->src\main\AndroidManifest.xml
9        android:targetSdkVersion="30" />
9-->src\main\AndroidManifest.xml
10
11    <uses-permission android:name="android.permission.INTERNET" />
11-->src\main\AndroidManifest.xml:5:5-67
11-->src\main\AndroidManifest.xml:5:22-64
12    <uses-permission android:name="android.permission.GET_ACCOUNTS" />
12-->src\main\AndroidManifest.xml:6:5-71
12-->src\main\AndroidManifest.xml:6:22-68
13    <uses-permission android:name="android.permission.READ_EXTERNAL_STORAGE" />
13-->src\main\AndroidManifest.xml:7:5-80
13-->src\main\AndroidManifest.xml:7:22-77
14    <uses-permission android:name="android.permission.WRITE_EXTERNAL_STORAGE" />
14-->src\main\AndroidManifest.xml:8:5-81
14-->src\main\AndroidManifest.xml:8:22-78
15    <uses-permission android:name="android.permission.ACCESS_NETWORK_STATE" />
15-->src\main\AndroidManifest.xml:9:5-79
15-->src\main\AndroidManifest.xml:9:22-76
16    <uses-permission android:name="android.permission.ACCESS_WIFI_STATE" />
16-->src\main\AndroidManifest.xml:10:5-76
16-->src\main\AndroidManifest.xml:10:22-73
17    <uses-permission android:name="android.permission.WAKE_LOCK" />
17-->[com.google.android.gms:play-services-measurement-api:18.0.0] AndroidManifest.xml:24:5-68
17-->[com.google.android.gms:play-services-measurement-api:18.0.0] AndroidManifest.xml:24:22-65
18    <uses-permission android:name="com.google.android.finsky.permission.BIND_GET_INSTALL_REFERRER_SERVICE" /> <!-- Android package visibility setting -->
18-->[com.google.android.gms:play-services-measurement:18.0.0] AndroidManifest.xml:26:5-110
18-->[com.google.android.gms:play-services-measurement:18.0.0] AndroidManifest.xml:26:22-107
19    <queries>
19-->[com.google.android.gms:play-services-ads-lite:19.6.0] AndroidManifest.xml:27:5-38:15
20
21        <!-- For browser content -->
22        <intent>
22-->[com.google.android.gms:play-services-ads-lite:19.6.0] AndroidManifest.xml:30:9-36:18
23            <action android:name="android.intent.action.VIEW" />
23-->[com.google.firebase:firebase-auth:20.0.1] AndroidManifest.xml:34:17-69
23-->[com.google.firebase:firebase-auth:20.0.1] AndroidManifest.xml:34:25-66
24
25            <category android:name="android.intent.category.BROWSABLE" />
25-->[com.google.firebase:firebase-auth:20.0.1] AndroidManifest.xml:37:17-78
25-->[com.google.firebase:firebase-auth:20.0.1] AndroidManifest.xml:37:27-75
26
27            <data android:scheme="https" />
27-->[com.google.firebase:firebase-auth:20.0.1] AndroidManifest.xml:39:17-42:51
27-->[com.google.firebase:firebase-auth:20.0.1] AndroidManifest.xml:42:21-48
28        </intent>
29        <!-- End of browser content -->
30    </queries>
31
32    <uses-permission android:name="android.permission.RECEIVE_BOOT_COMPLETED" />
32-->[androidx.work:work-runtime:2.1.0] AndroidManifest.xml:27:5-81
32-->[androidx.work:work-runtime:2.1.0] AndroidManifest.xml:27:22-78
33
34    <application
34-->src\main\AndroidManifest.xml:12:5-35:19
35        android:allowBackup="true"
35-->src\main\AndroidManifest.xml:13:9-35
36        android:appComponentFactory="androidx.core.app.CoreComponentFactory"
36-->[androidx.core:core:1.3.1] AndroidManifest.xml:24:18-86
37        android:debuggable="true"
38        android:icon="@drawable/app_logo"
38-->src\main\AndroidManifest.xml:14:9-42
39        android:label="@string/app_name"
39-->src\main\AndroidManifest.xml:15:9-41
40        android:roundIcon="@mipmap/ic_launcher_round"
40-->src\main\AndroidManifest.xml:16:9-54
41        android:supportsRtl="true"
41-->src\main\AndroidManifest.xml:17:9-35
42        android:testOnly="true"
43        android:theme="@style/AppTheme"
43-->src\main\AndroidManifest.xml:18:9-40
44        android:usesCleartextTraffic="true" >
44-->src\main\AndroidManifest.xml:19:9-44
45        <activity android:name="edu.free.ImportantActivity" />
45-->src\main\AndroidManifest.xml:21:9-54
45-->src\main\AndroidManifest.xml:21:19-52
46        <activity android:name="edu.free.CourseActivity" />
46-->src\main\AndroidManifest.xml:22:9-51
46-->src\main\AndroidManifest.xml:22:19-49
47        <activity android:name="edu.free.HomeActivity" />
47-->src\main\AndroidManifest.xml:23:9-50
47-->src\main\AndroidManifest.xml:23:19-47
48        <activity android:name="edu.free.SignNewUserActivity" />
48-->src\main\AndroidManifest.xml:24:9-57
48-->src\main\AndroidManifest.xml:24:19-54
49
50        <meta-data
50-->src\main\AndroidManifest.xml:25:9-27:70
51            android:name="com.google.android.gms.ads.APPLICATION_ID"
51-->src\main\AndroidManifest.xml:26:13-69
52            android:value="ca-app-pub-8103108161786269~3509276389" />
52-->src\main\AndroidManifest.xml:27:13-67
53
54        <activity android:name="edu.free.MainActivity" >
54-->src\main\AndroidManifest.xml:28:9-34:20
54-->src\main\AndroidManifest.xml:28:19-47
55            <intent-filter>
55-->src\main\AndroidManifest.xml:29:13-33:29
56                <action android:name="android.intent.action.MAIN" />
56-->src\main\AndroidManifest.xml:30:17-69
56-->src\main\AndroidManifest.xml:30:25-66
57
58                <category android:name="android.intent.category.LAUNCHER" />
58-->src\main\AndroidManifest.xml:32:17-77
58-->src\main\AndroidManifest.xml:32:27-74
59            </intent-filter>
60        </activity>
61
62        <service
62-->[com.google.firebase:firebase-database:19.5.1] AndroidManifest.xml:29:9-35:19
63            android:name="com.google.firebase.components.ComponentDiscoveryService"
63-->[com.google.firebase:firebase-database:19.5.1] AndroidManifest.xml:30:13-84
64            android:directBootAware="true"
64-->[com.google.firebase:firebase-common:19.4.0] AndroidManifest.xml:35:13-43
65            android:exported="false" >
65-->[com.google.firebase:firebase-database:19.5.1] AndroidManifest.xml:31:13-37
66            <meta-data
66-->[com.google.firebase:firebase-database:19.5.1] AndroidManifest.xml:32:13-34:85
67                android:name="com.google.firebase.components:com.google.firebase.database.DatabaseRegistrar"
67-->[com.google.firebase:firebase-database:19.5.1] AndroidManifest.xml:33:17-109
68                android:value="com.google.firebase.components.ComponentRegistrar" />
68-->[com.google.firebase:firebase-database:19.5.1] AndroidManifest.xml:34:17-82
69            <meta-data
69-->[com.google.firebase:firebase-auth:20.0.1] AndroidManifest.xml:77:13-79:85
70                android:name="com.google.firebase.components:com.google.firebase.auth.FirebaseAuthRegistrar"
70-->[com.google.firebase:firebase-auth:20.0.1] AndroidManifest.xml:78:17-109
71                android:value="com.google.firebase.components.ComponentRegistrar" />
71-->[com.google.firebase:firebase-auth:20.0.1] AndroidManifest.xml:79:17-82
72            <meta-data
72-->[com.google.firebase:firebase-storage:19.2.0] AndroidManifest.xml:33:13-35:85
73                android:name="com.google.firebase.components:com.google.firebase.storage.StorageRegistrar"
73-->[com.google.firebase:firebase-storage:19.2.0] AndroidManifest.xml:34:17-107
74                android:value="com.google.firebase.components.ComponentRegistrar" />
74-->[com.google.firebase:firebase-storage:19.2.0] AndroidManifest.xml:35:17-82
75            <meta-data
75-->[com.google.android.gms:play-services-measurement-api:18.0.0] AndroidManifest.xml:30:13-32:85
76                android:name="com.google.firebase.components:com.google.firebase.analytics.connector.internal.AnalyticsConnectorRegistrar"
76-->[com.google.android.gms:play-services-measurement-api:18.0.0] AndroidManifest.xml:31:17-139
77                android:value="com.google.firebase.components.ComponentRegistrar" />
77-->[com.google.android.gms:play-services-measurement-api:18.0.0] AndroidManifest.xml:32:17-82
78            <meta-data
78-->[com.google.firebase:firebase-installations:16.3.4] AndroidManifest.xml:18:13-20:85
79                android:name="com.google.firebase.components:com.google.firebase.installations.FirebaseInstallationsRegistrar"
79-->[com.google.firebase:firebase-installations:16.3.4] AndroidManifest.xml:19:17-127
80                android:value="com.google.firebase.components.ComponentRegistrar" />
80-->[com.google.firebase:firebase-installations:16.3.4] AndroidManifest.xml:20:17-82
81        </service>
82
83        <activity
83-->[com.google.firebase:firebase-auth:20.0.1] AndroidManifest.xml:27:9-44:20
84            android:name="com.google.firebase.auth.internal.GenericIdpActivity"
84-->[com.google.firebase:firebase-auth:20.0.1] AndroidManifest.xml:28:13-80
85            android:excludeFromRecents="true"
85-->[com.google.firebase:firebase-auth:20.0.1] AndroidManifest.xml:29:13-46
86            android:exported="true"
86-->[com.google.firebase:firebase-auth:20.0.1] AndroidManifest.xml:30:13-36
87            android:launchMode="singleTask"
87-->[com.google.firebase:firebase-auth:20.0.1] AndroidManifest.xml:31:13-44
88            android:theme="@android:style/Theme.Translucent.NoTitleBar" >
88-->[com.google.firebase:firebase-auth:20.0.1] AndroidManifest.xml:32:13-72
89            <intent-filter>
89-->[com.google.firebase:firebase-auth:20.0.1] AndroidManifest.xml:33:13-43:29
90                <action android:name="android.intent.action.VIEW" />
90-->[com.google.firebase:firebase-auth:20.0.1] AndroidManifest.xml:34:17-69
90-->[com.google.firebase:firebase-auth:20.0.1] AndroidManifest.xml:34:25-66
91
92                <category android:name="android.intent.category.DEFAULT" />
92-->[com.google.firebase:firebase-auth:20.0.1] AndroidManifest.xml:36:17-76
92-->[com.google.firebase:firebase-auth:20.0.1] AndroidManifest.xml:36:27-73
93                <category android:name="android.intent.category.BROWSABLE" />
93-->[com.google.firebase:firebase-auth:20.0.1] AndroidManifest.xml:37:17-78
93-->[com.google.firebase:firebase-auth:20.0.1] AndroidManifest.xml:37:27-75
94
95                <data
95-->[com.google.firebase:firebase-auth:20.0.1] AndroidManifest.xml:39:17-42:51
96                    android:host="firebase.auth"
96-->[com.google.firebase:firebase-auth:20.0.1] AndroidManifest.xml:40:21-49
97                    android:path="/"
97-->[com.google.firebase:firebase-auth:20.0.1] AndroidManifest.xml:41:21-37
98                    android:scheme="genericidp" />
98-->[com.google.firebase:firebase-auth:20.0.1] AndroidManifest.xml:42:21-48
99            </intent-filter>
100        </activity>
101        <activity
101-->[com.google.firebase:firebase-auth:20.0.1] AndroidManifest.xml:45:9-62:20
102            android:name="com.google.firebase.auth.internal.RecaptchaActivity"
102-->[com.google.firebase:firebase-auth:20.0.1] AndroidManifest.xml:46:13-79
103            android:excludeFromRecents="true"
103-->[com.google.firebase:firebase-auth:20.0.1] AndroidManifest.xml:47:13-46
104            android:exported="true"
104-->[com.google.firebase:firebase-auth:20.0.1] AndroidManifest.xml:48:13-36
105            android:launchMode="singleTask"
105-->[com.google.firebase:firebase-auth:20.0.1] AndroidManifest.xml:49:13-44
106            android:theme="@android:style/Theme.Translucent.NoTitleBar" >
106-->[com.google.firebase:firebase-auth:20.0.1] AndroidManifest.xml:50:13-72
107            <intent-filter>
107-->[com.google.firebase:firebase-auth:20.0.1] AndroidManifest.xml:51:13-61:29
108                <action android:name="android.intent.action.VIEW" />
108-->[com.google.firebase:firebase-auth:20.0.1] AndroidManifest.xml:34:17-69
108-->[com.google.firebase:firebase-auth:20.0.1] AndroidManifest.xml:34:25-66
109
110                <category android:name="android.intent.category.DEFAULT" />
110-->[com.google.firebase:firebase-auth:20.0.1] AndroidManifest.xml:36:17-76
110-->[com.google.firebase:firebase-auth:20.0.1] AndroidManifest.xml:36:27-73
111                <category android:name="android.intent.category.BROWSABLE" />
111-->[com.google.firebase:firebase-auth:20.0.1] AndroidManifest.xml:37:17-78
111-->[com.google.firebase:firebase-auth:20.0.1] AndroidManifest.xml:37:27-75
112
113                <data
113-->[com.google.firebase:firebase-auth:20.0.1] AndroidManifest.xml:39:17-42:51
114                    android:host="firebase.auth"
114-->[com.google.firebase:firebase-auth:20.0.1] AndroidManifest.xml:40:21-49
115                    android:path="/"
115-->[com.google.firebase:firebase-auth:20.0.1] AndroidManifest.xml:41:21-37
116                    android:scheme="recaptcha" />
116-->[com.google.firebase:firebase-auth:20.0.1] AndroidManifest.xml:42:21-48
117            </intent-filter>
118        </activity>
119
120        <service
120-->[com.google.firebase:firebase-auth:20.0.1] AndroidManifest.xml:64:9-73:19
121            android:name="com.google.firebase.auth.api.fallback.service.FirebaseAuthFallbackService"
121-->[com.google.firebase:firebase-auth:20.0.1] AndroidManifest.xml:65:13-101
122            android:enabled="true"
122-->[com.google.firebase:firebase-auth:20.0.1] AndroidManifest.xml:66:13-35
123            android:exported="false" >
123-->[com.google.firebase:firebase-auth:20.0.1] AndroidManifest.xml:67:13-37
124            <intent-filter>
124-->[com.google.firebase:firebase-auth:20.0.1] AndroidManifest.xml:68:13-72:29
125                <action android:name="com.google.firebase.auth.api.gms.service.START" />
125-->[com.google.firebase:firebase-auth:20.0.1] AndroidManifest.xml:69:17-89
125-->[com.google.firebase:firebase-auth:20.0.1] AndroidManifest.xml:69:25-86
126
127                <category android:name="android.intent.category.DEFAULT" />
127-->[com.google.firebase:firebase-auth:20.0.1] AndroidManifest.xml:36:17-76
127-->[com.google.firebase:firebase-auth:20.0.1] AndroidManifest.xml:36:27-73
128            </intent-filter>
129        </service>
130
131        <provider
131-->[com.google.firebase:firebase-common:19.4.0] AndroidManifest.xml:26:9-31:39
132            android:name="com.google.firebase.provider.FirebaseInitProvider"
132-->[com.google.firebase:firebase-common:19.4.0] AndroidManifest.xml:27:13-77
133            android:authorities="edu.free.firebaseinitprovider"
133-->[com.google.firebase:firebase-common:19.4.0] AndroidManifest.xml:28:13-72
134            android:directBootAware="true"
134-->[com.google.firebase:firebase-common:19.4.0] AndroidManifest.xml:29:13-43
135            android:exported="false"
135-->[com.google.firebase:firebase-common:19.4.0] AndroidManifest.xml:30:13-37
136            android:initOrder="100" />
136-->[com.google.firebase:firebase-common:19.4.0] AndroidManifest.xml:31:13-36
137
138        <activity
138-->[com.google.android.gms:play-services-base:17.1.0] AndroidManifest.xml:23:9-26:75
139            android:name="com.google.android.gms.common.api.GoogleApiActivity"
139-->[com.google.android.gms:play-services-base:17.1.0] AndroidManifest.xml:24:13-79
140            android:exported="false"
140-->[com.google.android.gms:play-services-base:17.1.0] AndroidManifest.xml:25:13-37
141            android:theme="@android:style/Theme.Translucent.NoTitleBar" />
141-->[com.google.android.gms:play-services-base:17.1.0] AndroidManifest.xml:26:13-72
142
143        <receiver
143-->[com.google.android.gms:play-services-measurement:18.0.0] AndroidManifest.xml:29:9-33:20
144            android:name="com.google.android.gms.measurement.AppMeasurementReceiver"
144-->[com.google.android.gms:play-services-measurement:18.0.0] AndroidManifest.xml:30:13-85
145            android:enabled="true"
145-->[com.google.android.gms:play-services-measurement:18.0.0] AndroidManifest.xml:31:13-35
146            android:exported="false" >
146-->[com.google.android.gms:play-services-measurement:18.0.0] AndroidManifest.xml:32:13-37
147        </receiver>
148
149        <service
149-->[com.google.android.gms:play-services-measurement:18.0.0] AndroidManifest.xml:35:9-38:40
150            android:name="com.google.android.gms.measurement.AppMeasurementService"
150-->[com.google.android.gms:play-services-measurement:18.0.0] AndroidManifest.xml:36:13-84
151            android:enabled="true"
151-->[com.google.android.gms:play-services-measurement:18.0.0] AndroidManifest.xml:37:13-35
152            android:exported="false" />
152-->[com.google.android.gms:play-services-measurement:18.0.0] AndroidManifest.xml:38:13-37
153        <service
153-->[com.google.android.gms:play-services-measurement:18.0.0] AndroidManifest.xml:39:9-43:72
154            android:name="com.google.android.gms.measurement.AppMeasurementJobService"
154-->[com.google.android.gms:play-services-measurement:18.0.0] AndroidManifest.xml:40:13-87
155            android:enabled="true"
155-->[com.google.android.gms:play-services-measurement:18.0.0] AndroidManifest.xml:41:13-35
156            android:exported="false"
156-->[com.google.android.gms:play-services-measurement:18.0.0] AndroidManifest.xml:42:13-37
157            android:permission="android.permission.BIND_JOB_SERVICE" /> <!-- Include the AdActivity and InAppPurchaseActivity configChanges and themes. -->
157-->[com.google.android.gms:play-services-measurement:18.0.0] AndroidManifest.xml:43:13-69
158        <activity
158-->[com.google.android.gms:play-services-ads-lite:19.6.0] AndroidManifest.xml:43:9-47:64
159            android:name="com.google.android.gms.ads.AdActivity"
159-->[com.google.android.gms:play-services-ads-lite:19.6.0] AndroidManifest.xml:44:13-65
160            android:configChanges="keyboard|keyboardHidden|orientation|screenLayout|uiMode|screenSize|smallestScreenSize"
160-->[com.google.android.gms:play-services-ads-lite:19.6.0] AndroidManifest.xml:45:13-122
161            android:exported="false"
161-->[com.google.android.gms:play-services-ads-lite:19.6.0] AndroidManifest.xml:46:13-37
162            android:theme="@android:style/Theme.Translucent" />
162-->[com.google.android.gms:play-services-ads-lite:19.6.0] AndroidManifest.xml:47:13-61
163
164        <provider
164-->[com.google.android.gms:play-services-ads-lite:19.6.0] AndroidManifest.xml:49:9-53:39
165            android:name="com.google.android.gms.ads.MobileAdsInitProvider"
165-->[com.google.android.gms:play-services-ads-lite:19.6.0] AndroidManifest.xml:50:13-76
166            android:authorities="edu.free.mobileadsinitprovider"
166-->[com.google.android.gms:play-services-ads-lite:19.6.0] AndroidManifest.xml:51:13-73
167            android:exported="false"
167-->[com.google.android.gms:play-services-ads-lite:19.6.0] AndroidManifest.xml:52:13-37
168            android:initOrder="100" />
168-->[com.google.android.gms:play-services-ads-lite:19.6.0] AndroidManifest.xml:53:13-36
169
170        <service
170-->[com.google.android.gms:play-services-ads-lite:19.6.0] AndroidManifest.xml:55:9-58:40
171            android:name="com.google.android.gms.ads.AdService"
171-->[com.google.android.gms:play-services-ads-lite:19.6.0] AndroidManifest.xml:56:13-64
172            android:enabled="true"
172-->[com.google.android.gms:play-services-ads-lite:19.6.0] AndroidManifest.xml:57:13-35
173            android:exported="false" />
173-->[com.google.android.gms:play-services-ads-lite:19.6.0] AndroidManifest.xml:58:13-37
174
175        <meta-data
175-->[com.google.android.gms:play-services-basement:17.3.0] AndroidManifest.xml:23:9-25:69
176            android:name="com.google.android.gms.version"
176-->[com.google.android.gms:play-services-basement:17.3.0] AndroidManifest.xml:24:13-58
177            android:value="@integer/google_play_services_version" />
177-->[com.google.android.gms:play-services-basement:17.3.0] AndroidManifest.xml:25:13-66
178
179        <provider
179-->[androidx.work:work-runtime:2.1.0] AndroidManifest.xml:30:9-36:35
180            android:name="androidx.work.impl.WorkManagerInitializer"
180-->[androidx.work:work-runtime:2.1.0] AndroidManifest.xml:31:13-69
181            android:authorities="edu.free.workmanager-init"
181-->[androidx.work:work-runtime:2.1.0] AndroidManifest.xml:32:13-68
182            android:directBootAware="false"
182-->[androidx.work:work-runtime:2.1.0] AndroidManifest.xml:33:13-44
183            android:exported="false"
183-->[androidx.work:work-runtime:2.1.0] AndroidManifest.xml:34:13-37
184            android:multiprocess="true" />
184-->[androidx.work:work-runtime:2.1.0] AndroidManifest.xml:35:13-40
185
186        <service
186-->[androidx.work:work-runtime:2.1.0] AndroidManifest.xml:38:9-43:35
187            android:name="androidx.work.impl.background.systemalarm.SystemAlarmService"
187-->[androidx.work:work-runtime:2.1.0] AndroidManifest.xml:39:13-88
188            android:directBootAware="false"
188-->[androidx.work:work-runtime:2.1.0] AndroidManifest.xml:40:13-44
189            android:enabled="@bool/enable_system_alarm_service_default"
189-->[androidx.work:work-runtime:2.1.0] AndroidManifest.xml:41:13-72
190            android:exported="false" />
190-->[androidx.work:work-runtime:2.1.0] AndroidManifest.xml:42:13-37
191        <service
191-->[androidx.work:work-runtime:2.1.0] AndroidManifest.xml:44:9-50:35
192            android:name="androidx.work.impl.background.systemjob.SystemJobService"
192-->[androidx.work:work-runtime:2.1.0] AndroidManifest.xml:45:13-84
193            android:directBootAware="false"
193-->[androidx.work:work-runtime:2.1.0] AndroidManifest.xml:46:13-44
194            android:enabled="@bool/enable_system_job_service_default"
194-->[androidx.work:work-runtime:2.1.0] AndroidManifest.xml:47:13-70
195            android:exported="true"
195-->[androidx.work:work-runtime:2.1.0] AndroidManifest.xml:48:13-36
196            android:permission="android.permission.BIND_JOB_SERVICE" />
196-->[androidx.work:work-runtime:2.1.0] AndroidManifest.xml:49:13-69
197
198        <receiver
198-->[androidx.work:work-runtime:2.1.0] AndroidManifest.xml:52:9-57:35
199            android:name="androidx.work.impl.utils.ForceStopRunnable$BroadcastReceiver"
199-->[androidx.work:work-runtime:2.1.0] AndroidManifest.xml:53:13-88
200            android:directBootAware="false"
200-->[androidx.work:work-runtime:2.1.0] AndroidManifest.xml:54:13-44
201            android:enabled="true"
201-->[androidx.work:work-runtime:2.1.0] AndroidManifest.xml:55:13-35
202            android:exported="false" />
202-->[androidx.work:work-runtime:2.1.0] AndroidManifest.xml:56:13-37
203        <receiver
203-->[androidx.work:work-runtime:2.1.0] AndroidManifest.xml:58:9-68:20
204            android:name="androidx.work.impl.background.systemalarm.ConstraintProxy$BatteryChargingProxy"
204-->[androidx.work:work-runtime:2.1.0] AndroidManifest.xml:59:13-106
205            android:directBootAware="false"
205-->[androidx.work:work-runtime:2.1.0] AndroidManifest.xml:60:13-44
206            android:enabled="false"
206-->[androidx.work:work-runtime:2.1.0] AndroidManifest.xml:61:13-36
207            android:exported="false" >
207-->[androidx.work:work-runtime:2.1.0] AndroidManifest.xml:62:13-37
208            <intent-filter>
208-->[androidx.work:work-runtime:2.1.0] AndroidManifest.xml:64:13-67:29
209                <action android:name="android.intent.action.ACTION_POWER_CONNECTED" />
209-->[androidx.work:work-runtime:2.1.0] AndroidManifest.xml:65:17-87
209-->[androidx.work:work-runtime:2.1.0] AndroidManifest.xml:65:25-84
210                <action android:name="android.intent.action.ACTION_POWER_DISCONNECTED" />
210-->[androidx.work:work-runtime:2.1.0] AndroidManifest.xml:66:17-90
210-->[androidx.work:work-runtime:2.1.0] AndroidManifest.xml:66:25-87
211            </intent-filter>
212        </receiver>
213        <receiver
213-->[androidx.work:work-runtime:2.1.0] AndroidManifest.xml:69:9-79:20
214            android:name="androidx.work.impl.background.systemalarm.ConstraintProxy$BatteryNotLowProxy"
214-->[androidx.work:work-runtime:2.1.0] AndroidManifest.xml:70:13-104
215            android:directBootAware="false"
215-->[androidx.work:work-runtime:2.1.0] AndroidManifest.xml:71:13-44
216            android:enabled="false"
216-->[androidx.work:work-runtime:2.1.0] AndroidManifest.xml:72:13-36
217            android:exported="false" >
217-->[androidx.work:work-runtime:2.1.0] AndroidManifest.xml:73:13-37
218            <intent-filter>
218-->[androidx.work:work-runtime:2.1.0] AndroidManifest.xml:75:13-78:29
219                <action android:name="android.intent.action.BATTERY_OKAY" />
219-->[androidx.work:work-runtime:2.1.0] AndroidManifest.xml:76:17-77
219-->[androidx.work:work-runtime:2.1.0] AndroidManifest.xml:76:25-74
220                <action android:name="android.intent.action.BATTERY_LOW" />
220-->[androidx.work:work-runtime:2.1.0] AndroidManifest.xml:77:17-76
220-->[androidx.work:work-runtime:2.1.0] AndroidManifest.xml:77:25-73
221            </intent-filter>
222        </receiver>
223        <receiver
223-->[androidx.work:work-runtime:2.1.0] AndroidManifest.xml:80:9-90:20
224            android:name="androidx.work.impl.background.systemalarm.ConstraintProxy$StorageNotLowProxy"
224-->[androidx.work:work-runtime:2.1.0] AndroidManifest.xml:81:13-104
225            android:directBootAware="false"
225-->[androidx.work:work-runtime:2.1.0] AndroidManifest.xml:82:13-44
226            android:enabled="false"
226-->[androidx.work:work-runtime:2.1.0] AndroidManifest.xml:83:13-36
227            android:exported="false" >
227-->[androidx.work:work-runtime:2.1.0] AndroidManifest.xml:84:13-37
228            <intent-filter>
228-->[androidx.work:work-runtime:2.1.0] AndroidManifest.xml:86:13-89:29
229                <action android:name="android.intent.action.DEVICE_STORAGE_LOW" />
229-->[androidx.work:work-runtime:2.1.0] AndroidManifest.xml:87:17-83
229-->[androidx.work:work-runtime:2.1.0] AndroidManifest.xml:87:25-80
230                <action android:name="android.intent.action.DEVICE_STORAGE_OK" />
230-->[androidx.work:work-runtime:2.1.0] AndroidManifest.xml:88:17-82
230-->[androidx.work:work-runtime:2.1.0] AndroidManifest.xml:88:25-79
231            </intent-filter>
232        </receiver>
233        <receiver
233-->[androidx.work:work-runtime:2.1.0] AndroidManifest.xml:91:9-100:20
234            android:name="androidx.work.impl.background.systemalarm.ConstraintProxy$NetworkStateProxy"
234-->[androidx.work:work-runtime:2.1.0] AndroidManifest.xml:92:13-103
235            android:directBootAware="false"
235-->[androidx.work:work-runtime:2.1.0] AndroidManifest.xml:93:13-44
236            android:enabled="false"
236-->[androidx.work:work-runtime:2.1.0] AndroidManifest.xml:94:13-36
237            android:exported="false" >
237-->[androidx.work:work-runtime:2.1.0] AndroidManifest.xml:95:13-37
238            <intent-filter>
238-->[androidx.work:work-runtime:2.1.0] AndroidManifest.xml:97:13-99:29
239                <action android:name="android.net.conn.CONNECTIVITY_CHANGE" />
239-->[androidx.work:work-runtime:2.1.0] AndroidManifest.xml:98:17-79
239-->[androidx.work:work-runtime:2.1.0] AndroidManifest.xml:98:25-76
240            </intent-filter>
241        </receiver>
242        <receiver
242-->[androidx.work:work-runtime:2.1.0] AndroidManifest.xml:101:9-112:20
243            android:name="androidx.work.impl.background.systemalarm.RescheduleReceiver"
243-->[androidx.work:work-runtime:2.1.0] AndroidManifest.xml:102:13-88
244            android:directBootAware="false"
244-->[androidx.work:work-runtime:2.1.0] AndroidManifest.xml:103:13-44
245            android:enabled="false"
245-->[androidx.work:work-runtime:2.1.0] AndroidManifest.xml:104:13-36
246            android:exported="false" >
246-->[androidx.work:work-runtime:2.1.0] AndroidManifest.xml:105:13-37
247            <intent-filter>
247-->[androidx.work:work-runtime:2.1.0] AndroidManifest.xml:107:13-111:29
248                <action android:name="android.intent.action.BOOT_COMPLETED" />
248-->[androidx.work:work-runtime:2.1.0] AndroidManifest.xml:108:17-79
248-->[androidx.work:work-runtime:2.1.0] AndroidManifest.xml:108:25-76
249                <action android:name="android.intent.action.TIME_SET" />
249-->[androidx.work:work-runtime:2.1.0] AndroidManifest.xml:109:17-73
249-->[androidx.work:work-runtime:2.1.0] AndroidManifest.xml:109:25-70
250                <action android:name="android.intent.action.TIMEZONE_CHANGED" />
250-->[androidx.work:work-runtime:2.1.0] AndroidManifest.xml:110:17-81
250-->[androidx.work:work-runtime:2.1.0] AndroidManifest.xml:110:25-78
251            </intent-filter>
252        </receiver>
253        <receiver
253-->[androidx.work:work-runtime:2.1.0] AndroidManifest.xml:113:9-122:20
254            android:name="androidx.work.impl.background.systemalarm.ConstraintProxyUpdateReceiver"
254-->[androidx.work:work-runtime:2.1.0] AndroidManifest.xml:114:13-99
255            android:directBootAware="false"
255-->[androidx.work:work-runtime:2.1.0] AndroidManifest.xml:115:13-44
256            android:enabled="@bool/enable_system_alarm_service_default"
256-->[androidx.work:work-runtime:2.1.0] AndroidManifest.xml:116:13-72
257            android:exported="false" >
257-->[androidx.work:work-runtime:2.1.0] AndroidManifest.xml:117:13-37
258            <intent-filter>
258-->[androidx.work:work-runtime:2.1.0] AndroidManifest.xml:119:13-121:29
259                <action android:name="androidx.work.impl.background.systemalarm.UpdateProxies" />
259-->[androidx.work:work-runtime:2.1.0] AndroidManifest.xml:120:17-98
259-->[androidx.work:work-runtime:2.1.0] AndroidManifest.xml:120:25-95
260            </intent-filter>
261        </receiver>
262
263        <service
263-->[androidx.room:room-runtime:2.1.0] AndroidManifest.xml:25:9-27:40
264            android:name="androidx.room.MultiInstanceInvalidationService"
264-->[androidx.room:room-runtime:2.1.0] AndroidManifest.xml:26:13-74
265            android:exported="false" />
265-->[androidx.room:room-runtime:2.1.0] AndroidManifest.xml:27:13-37
266    </application>
267
268</manifest>